<!DOCTYPE html>
<html>
<head>
    <title>Unittest Results</title>
    <meta charset="utf-8">
    <meta name="viewport" content="width=device-width, initial-scale=1.0">
    <link rel="stylesheet" href="https://maxcdn.bootstrapcdn.com/bootstrap/3.3.6/css/bootstrap.min.css" integrity="sha384-1q8mTJOASx8j1Au+a5WDVnPi2lkFfwwEAa8hDDdjZlpLegxhjVME1fgjWPGmkzs7" crossorigin="anonymous">
</head>
<body>
    <div class="container">
        <div class="row">
            <div class="col-xs-12">
                <h2 class="text-capitalize">Unittest Results</h2>
                <p class='attribute'><strong>Start Time: </strong>2024-10-28 10:41:48</p>
                <p class='attribute'><strong>Duration: </strong>282 ms</p>
                <p class='attribute'><strong>Summary: </strong>Total: 2, Pass: 1, Error: 1</p>
            </div>
        </div>
        <div class="row">
            <div class="col-xs-12 col-sm-10 col-md-10">
                <table class='table table-hover table-responsive'>
                    <thead>
                        <tr>
                            <th>__main__.SeleniumTestReport</th>
                            <th>Status</th>
                            <th></th>
                        </tr>
                    </thead>
                    <tbody>
                        <tr class='warning'>
                            <td class="col-xs-10">test_example_failure</td>
                            <td class="col-xs-1">
                                <span class="label label-warning" style="display:block;width:40px;">Error</span>
                            </td>
                            <td class="col-xs-1">
                                <button class="btn btn-default btn-xs">View</button>
                            </td>
                        </tr>
                        <tr style="display:none;">
                            <td class="col-xs-9" colspan="3"><p>Screenshot saved as Z:\RMS 자동화 시도\screenshots\test_example_failure_20241028-104155.png
&lt;div&gt;&lt;strong&gt;Screenshot:&lt;/strong&gt;&lt;br&gt;&lt;img src=&#x27;file:///Z%3A%5CRMS%20%EC%9E%90%EB%8F%99%ED%99%94%20%EC%8B%9C%EB%8F%84%5Cscreenshots%5Ctest_example_failure_20241028-104155.png&#x27; width=&#x27;400&#x27;&gt;&lt;/div&gt;
</p><p style="color:maroon;">NoSuchElementException: Message: no such element: Unable to locate element: {"method":"xpath","selector":"//non_existing_element"}
  (Session info: chrome=130.0.6723.70); For documentation on this error, please visit: https://www.selenium.dev/documentation/webdriver/troubleshooting/errors#no-such-element-exception
Stacktrace:
	GetHandleVerifier [0x00007FF6244F3AB5+28005]
	(No symbol) [0x00007FF6244583B0]
	(No symbol) [0x00007FF6242F580A]
	(No symbol) [0x00007FF624345A3E]
	(No symbol) [0x00007FF624345D2C]
	(No symbol) [0x00007FF62438EA97]
	(No symbol) [0x00007FF62436BA7F]
	(No symbol) [0x00007FF62438B8B3]
	(No symbol) [0x00007FF62436B7E3]
	(No symbol) [0x00007FF6243375C8]
	(No symbol) [0x00007FF624338731]
	GetHandleVerifier [0x00007FF6247E643D+3118829]
	GetHandleVerifier [0x00007FF624836C90+3448640]
	GetHandleVerifier [0x00007FF62482CF0D+3408317]
	GetHandleVerifier [0x00007FF6245BA40B+841403]
	(No symbol) [0x00007FF62446340F]
	(No symbol) [0x00007FF62445F484]
	(No symbol) [0x00007FF62445F61D]
	(No symbol) [0x00007FF62444EB79]
	BaseThreadInitThunk [0x00007FFA7734257D+29]
	RtlUserThreadStart [0x00007FFA78AAAF28+40]
</p><p style="color:maroon;">Traceback (most recent call last):
  File "Z:\RMS 자동화 시도\v3.4.2.0\capture.py", line 39, in test_example_failure
    element = self.driver.find_element(By.XPATH, "//non_existing_element")
              ^^^^^^^^^^^^^^^^^^^^^^^^^^^^^^^^^^^^^^^^^^^^^^^^^^^^^^^^^^^^
  File "C:\Users\WINS\AppData\Local\Programs\Python\Python312\Lib\site-packages\selenium\webdriver\remote\webdriver.py", line 748, in find_element
    return self.execute(Command.FIND_ELEMENT, {"using": by, "value": value})["value"]
           ^^^^^^^^^^^^^^^^^^^^^^^^^^^^^^^^^^^^^^^^^^^^^^^^^^^^^^^^^^^^^^^^^
  File "C:\Users\WINS\AppData\Local\Programs\Python\Python312\Lib\site-packages\selenium\webdriver\remote\webdriver.py", line 354, in execute
    self.error_handler.check_response(response)
  File "C:\Users\WINS\AppData\Local\Programs\Python\Python312\Lib\site-packages\selenium\webdriver\remote\errorhandler.py", line 229, in check_response
    raise exception_class(message, screen, stacktrace)
selenium.common.exceptions.NoSuchElementException: Message: no such element: Unable to locate element: {"method":"xpath","selector":"//non_existing_element"}
  (Session info: chrome=130.0.6723.70); For documentation on this error, please visit: https://www.selenium.dev/documentation/webdriver/troubleshooting/errors#no-such-element-exception
Stacktrace:
	GetHandleVerifier [0x00007FF6244F3AB5+28005]
	(No symbol) [0x00007FF6244583B0]
	(No symbol) [0x00007FF6242F580A]
	(No symbol) [0x00007FF624345A3E]
	(No symbol) [0x00007FF624345D2C]
	(No symbol) [0x00007FF62438EA97]
	(No symbol) [0x00007FF62436BA7F]
	(No symbol) [0x00007FF62438B8B3]
	(No symbol) [0x00007FF62436B7E3]
	(No symbol) [0x00007FF6243375C8]
	(No symbol) [0x00007FF624338731]
	GetHandleVerifier [0x00007FF6247E643D+3118829]
	GetHandleVerifier [0x00007FF624836C90+3448640]
	GetHandleVerifier [0x00007FF62482CF0D+3408317]
	GetHandleVerifier [0x00007FF6245BA40B+841403]
	(No symbol) [0x00007FF62446340F]
	(No symbol) [0x00007FF62445F484]
	(No symbol) [0x00007FF62445F61D]
	(No symbol) [0x00007FF62444EB79]
	BaseThreadInitThunk [0x00007FFA7734257D+29]
	RtlUserThreadStart [0x00007FFA78AAAF28+40]

</p>
                            </td>
                        </tr>
                        <tr class='success'>
                            <td class="col-xs-10">test_example_success</td>
                            <td class="col-xs-1">
                                <span class="label label-success" style="display:block;width:40px;">Pass</span>
                            </td>
                            <td class="col-xs-1">
                                <button class="btn btn-default btn-xs">View</button>
                            </td>
                        </tr>
                        <tr style="display:none;">
                            <td class="col-xs-9" colspan="3"><p>테스트 성공
</p>
                            </td>
                        </tr>
                        <tr>
                            <td colspan="3">
                                Total: 2, Pass: 1, Error: 1 -- Duration: 282 ms
                            </td>
                        </tr>
                    </tbody>
                </table>
            </div>
        </div>
    </div>
    <script src="https://ajax.googleapis.com/ajax/libs/jquery/2.2.4/jquery.min.js"></script>
    <script type="text/javascript">
        $(document).ready(function(){
            $('td').on('click', '.btn', function(e){
                e.preventDefault();
                e.stopImmediatePropagation();
                var $this = $(this);
                var $nextRow = $this.closest('tr').next('tr');
                $nextRow.slideToggle("fast");
                $this.text(function(i, text){
                    if (text === 'View') {
                        return 'Hide';
                    } else {
                        return 'View';
                    };
                });
            });
        });
    </script>
</body>
</html